#
# There is insufficient memory for the Java Runtime Environment to continue.
# Native memory allocation (malloc) failed to allocate 927056 bytes for Chunk::new
# Possible reasons:
#   The system is out of physical RAM or swap space
#   In 32 bit mode, the process size limit was hit
# Possible solutions:
#   Reduce memory load on the system
#   Increase physical memory or swap space
#   Check if swap backing store is full
#   Use 64 bit Java on a 64 bit OS
#   Decrease Java heap size (-Xmx/-Xms)
#   Decrease number of Java threads
#   Decrease Java thread stack sizes (-Xss)
#   Set larger code cache with -XX:ReservedCodeCacheSize=
# This output file may be truncated or incomplete.
#
#  Out of Memory Error (allocation.cpp:390), pid=5540, tid=3916
#
# JRE version: Java(TM) SE Runtime Environment (8.0_60-b27) (build 1.8.0_60-b27)
# Java VM: Java HotSpot(TM) 64-Bit Server VM (25.60-b23 mixed mode windows-amd64 compressed oops)
# Failed to write core dump. Minidumps are not enabled by default on client versions of Windows
#

---------------  T H R E A D  ---------------

Current thread (0x0000000015277800):  JavaThread "C2 CompilerThread1" daemon [_thread_in_native, id=3916, stack(0x0000000016960000,0x0000000016a60000)]

Stack: [0x0000000016960000,0x0000000016a60000]
[error occurred during error reporting (printing stack bounds), id 0xc0000005]

Native frames: (J=compiled Java code, j=interpreted, Vv=VM code, C=native code)


Current CompileTask:
C2:   6571 1234       4       com.android.dx.ssa.SCCP::simulateBranch (666 bytes)


---------------  P R O C E S S  ---------------

Java Threads: ( => current thread )
  0x0000000016d47000 JavaThread "pool-1-thread-4" [_thread_in_Java, id=3172, stack(0x0000000017560000,0x0000000017660000)]
  0x0000000016d45000 JavaThread "pool-1-thread-3" [_thread_blocked, id=2504, stack(0x0000000017460000,0x0000000017560000)]
  0x0000000016cd6000 JavaThread "pool-1-thread-2" [_thread_blocked, id=7488, stack(0x0000000017360000,0x0000000017460000)]
  0x0000000016ccd000 JavaThread "pool-2-thread-1" [_thread_blocked, id=11200, stack(0x0000000017260000,0x0000000017360000)]
  0x0000000016ccc000 JavaThread "pool-1-thread-1" [_thread_in_Java, id=8152, stack(0x0000000017160000,0x0000000017260000)]
  0x0000000016a66800 JavaThread "Service Thread" daemon [_thread_blocked, id=9404, stack(0x0000000016f60000,0x0000000017060000)]
  0x0000000016a61000 JavaThread "C1 CompilerThread2" daemon [_thread_blocked, id=7704, stack(0x0000000016e60000,0x0000000016f60000)]
=>0x0000000015277800 JavaThread "C2 CompilerThread1" daemon [_thread_in_native, id=3916, stack(0x0000000016960000,0x0000000016a60000)]
  0x000000001522a000 JavaThread "C2 CompilerThread0" daemon [_thread_in_native, id=3660, stack(0x0000000016860000,0x0000000016960000)]
  0x0000000015228000 JavaThread "Attach Listener" daemon [_thread_blocked, id=6704, stack(0x0000000016760000,0x0000000016860000)]
  0x0000000015226800 JavaThread "Signal Dispatcher" daemon [_thread_blocked, id=9244, stack(0x0000000016660000,0x0000000016760000)]
  0x0000000002b47000 JavaThread "Finalizer" daemon [_thread_blocked, id=9688, stack(0x0000000016480000,0x0000000016580000)]
  0x0000000002b3e000 JavaThread "Reference Handler" daemon [_thread_blocked, id=5468, stack(0x0000000016380000,0x0000000016480000)]
  0x00000000028fe000 JavaThread "main" [_thread_in_Java, id=10988, stack(0x0000000002950000,0x0000000002a50000)]

Other Threads:
  0x00000000151e7800 VMThread [stack: 0x0000000016280000,0x0000000016380000] [id=9804]
  0x0000000016a6b800 WatcherThread [stack: 0x0000000017060000,0x0000000017160000] [id=10700]

VM state:not at safepoint (normal execution)

VM Mutex/Monitor currently owned by a thread: None

Heap:
 PSYoungGen      total 38400K, used 11095K [0x00000000eab00000, 0x00000000ef600000, 0x0000000100000000)
  eden space 33280K, 17% used [0x00000000eab00000,0x00000000eb0d8c38,0x00000000ecb80000)
  from space 5120K, 99% used [0x00000000ecb80000,0x00000000ed07d2f0,0x00000000ed080000)
  to   space 5120K, 0% used [0x00000000ef100000,0x00000000ef100000,0x00000000ef600000)
 ParOldGen       total 87552K, used 1076K [0x00000000c0000000, 0x00000000c5580000, 0x00000000eab00000)
  object space 87552K, 1% used [0x00000000c0000000,0x00000000c010d1d8,0x00000000c5580000)
 Metaspace       used 6070K, capacity 6960K, committed 7040K, reserved 1056768K
  class space    used 599K, capacity 616K, committed 640K, reserved 1048576K

Card table byte_map: [0x0000000011f10000,0x0000000012120000] byte_map_base: 0x0000000011910000

Marking Bits: (ParMarkBitMap*) 0x00000000645ea5b0
 Begin Bits: [0x0000000012680000, 0x0000000013680000)
 End Bits:   [0x0000000013680000, 0x0000000014680000)

Polling page: 0x00000000010b0000

CodeCache: size=245760Kb used=5625Kb max_used=5631Kb free=240134Kb
 bounds [0x0000000002b50000, 0x00000000030e0000, 0x0000000011b50000]
 total_blobs=1618 nmethods=1349 adapters=182
 compilation: enabled

Compilation events (10 events):
Event: 6.531 Thread 0x0000000016a61000 1347       3       com.android.dx.cf.code.Frame::adjustLocalsForSubroutines (28 bytes)
Event: 6.531 Thread 0x0000000016a61000 nmethod 1347 0x00000000030ca450 code [0x00000000030ca5e0, 0x00000000030caae8]
Event: 6.533 Thread 0x0000000016a61000 1350  s    3       com.android.dx.dex.file.FieldIdsSection::intern (55 bytes)
Event: 6.535 Thread 0x0000000016a61000 nmethod 1350 0x00000000030d0150 code [0x00000000030d0380, 0x00000000030d10a8]
Event: 6.539 Thread 0x0000000016a61000 1351       3       com.android.dx.dex.cf.AttributeTranslator::getAnnotations0 (62 bytes)
Event: 6.540 Thread 0x000000001522a000 nmethod 1341 0x00000000030c9910 code [0x00000000030c9a80, 0x00000000030c9ee8]
Event: 6.540 Thread 0x0000000016a61000 nmethod 1351 0x00000000030d3290 code [0x00000000030d34c0, 0x00000000030d4298]
Event: 6.540 Thread 0x000000001522a000 1348       4       com.android.dx.ssa.back.LivenessAnalyzer::run (231 bytes)
Event: 6.541 Thread 0x0000000016a61000 1352       3       com.android.dx.cf.direct.DirectClassFile::getAccessFlags (9 bytes)
Event: 6.541 Thread 0x0000000016a61000 nmethod 1352 0x00000000030c9490 code [0x00000000030c9600, 0x00000000030c9848]

GC Heap History (2 events):
Event: 6.137 GC heap before
{Heap before GC invocations=1 (full 0):
 PSYoungGen      total 38400K, used 33280K [0x00000000eab00000, 0x00000000ed580000, 0x0000000100000000)
  eden space 33280K, 100% used [0x00000000eab00000,0x00000000ecb80000,0x00000000ecb80000)
  from space 5120K, 0% used [0x00000000ed080000,0x00000000ed080000,0x00000000ed580000)
  to   space 5120K, 0% used [0x00000000ecb80000,0x00000000ecb80000,0x00000000ed080000)
 ParOldGen       total 87552K, used 0K [0x00000000c0000000, 0x00000000c5580000, 0x00000000eab00000)
  object space 87552K, 0% used [0x00000000c0000000,0x00000000c0000000,0x00000000c5580000)
 Metaspace       used 6046K, capacity 6960K, committed 7040K, reserved 1056768K
  class space    used 599K, capacity 616K, committed 640K, reserved 1048576K
Event: 6.250 GC heap after
Heap after GC invocations=1 (full 0):
 PSYoungGen      total 38400K, used 5108K [0x00000000eab00000, 0x00000000ef600000, 0x0000000100000000)
  eden space 33280K, 0% used [0x00000000eab00000,0x00000000eab00000,0x00000000ecb80000)
  from space 5120K, 99% used [0x00000000ecb80000,0x00000000ed07d2f0,0x00000000ed080000)
  to   space 5120K, 0% used [0x00000000ef100000,0x00000000ef100000,0x00000000ef600000)
 ParOldGen       total 87552K, used 1076K [0x00000000c0000000, 0x00000000c5580000, 0x00000000eab00000)
  object space 87552K, 1% used [0x00000000c0000000,0x00000000c010d1d8,0x00000000c5580000)
 Metaspace       used 6046K, capacity 6960K, committed 7040K, reserved 1056768K
  class space    used 599K, capacity 616K, committed 640K, reserved 1048576K
}

Deoptimization events (10 events):
Event: 6.109 Thread 0x0000000016cd6000 Uncommon trap: reason=unstable_if action=reinterpret pc=0x0000000002f45914 method=com.android.dx.rop.code.RegisterSpecSet.put(Lcom/android/dx/rop/code/RegisterSpec;)V @ 77
Event: 6.117 Thread 0x0000000016cd6000 Uncommon trap: reason=bimorphic action=maybe_recompile pc=0x0000000002e3b968 method=java.util.HashMap.getNode(ILjava/lang/Object;)Ljava/util/HashMap$Node; @ 126
Event: 6.117 Thread 0x0000000016cd6000 Uncommon trap: reason=class_check action=maybe_recompile pc=0x0000000002fbf744 method=java.util.HashMap.putVal(ILjava/lang/Object;Ljava/lang/Object;ZZ)Ljava/lang/Object; @ 203
Event: 6.117 Thread 0x0000000016cd6000 Uncommon trap: reason=bimorphic action=maybe_recompile pc=0x0000000002fbf784 method=java.util.HashMap.putVal(ILjava/lang/Object;Ljava/lang/Object;ZZ)Ljava/lang/Object; @ 91
Event: 6.117 Thread 0x0000000016cd6000 Uncommon trap: reason=bimorphic action=maybe_recompile pc=0x0000000002fbf784 method=java.util.HashMap.putVal(ILjava/lang/Object;Ljava/lang/Object;ZZ)Ljava/lang/Object; @ 91
Event: 6.117 Thread 0x0000000016cd6000 Uncommon trap: reason=bimorphic action=maybe_recompile pc=0x0000000002e3b968 method=java.util.HashMap.getNode(ILjava/lang/Object;)Ljava/util/HashMap$Node; @ 126
Event: 6.117 Thread 0x0000000016cd6000 Uncommon trap: reason=class_check action=maybe_recompile pc=0x0000000002fbf744 method=java.util.HashMap.putVal(ILjava/lang/Object;Ljava/lang/Object;ZZ)Ljava/lang/Object; @ 203
Event: 6.117 Thread 0x0000000016cd6000 Uncommon trap: reason=bimorphic action=maybe_recompile pc=0x0000000002e3b968 method=java.util.HashMap.getNode(ILjava/lang/Object;)Ljava/util/HashMap$Node; @ 126
Event: 6.117 Thread 0x0000000016cd6000 Uncommon trap: reason=class_check action=maybe_recompile pc=0x0000000002fbf744 method=java.util.HashMap.putVal(ILjava/lang/Object;Ljava/lang/Object;ZZ)Ljava/lang/Object; @ 203
Event: 6.118 Thread 0x0000000016cd6000 Uncommon trap: reason=bimorphic action=maybe_recompile pc=0x0000000002fd13d8 method=java.util.HashMap.putVal(ILjava/lang/Object;Ljava/lang/Object;ZZ)Ljava/lang/Object; @ 91

Internal exceptions (2 events):
Event: 1.213 Thread 0x00000000028fe000 Exception <a 'java/lang/NoSuchMethodError': Method sun.misc.Unsafe.defineClass(Ljava/lang/String;[BII)Ljava/lang/Class; name or signature does not match> (0x00000000eab13080) thrown at [C:\re\workspace\8-2-build-windows-amd64-cygwin\jdk8u60\4407\hotspot\sr’¾WÉ_ió?
Event: 1.213 Thread 0x00000000028fe000 Exception <a 'java/lang/NoSuchMethodError': Method sun.misc.Unsafe.prefetchRead(Ljava/lang/Object;J)V name or signature does not match> (0x00000000eab13368) thrown at [C:\re\workspace\8-2-build-windows-amd64-cygwin\jdk8u60\4407\hotspot\src\share\vm\prims\j

Events (10 events):
Event: 6.117 Thread 0x0000000016cd6000 DEOPT UNPACKING pc=0x0000000002b9582a sp=0x000000001745eb18 mode 2
Event: 6.118 Thread 0x0000000016cd6000 Uncommon trap: trap_request=0xffffffc6 fr.pc=0x0000000002fd13d8
Event: 6.118 Thread 0x0000000016cd6000 DEOPT PACKING pc=0x0000000002fd13d8 sp=0x000000001745ecf0
Event: 6.118 Thread 0x0000000016cd6000 DEOPT UNPACKING pc=0x0000000002b9582a sp=0x000000001745ec18 mode 2
Event: 6.137 Executing VM operation: ParallelGCFailedAllocation
Event: 6.250 Executing VM operation: ParallelGCFailedAllocation done
Event: 6.250 Thread 0x0000000016d47000 DEOPT PACKING pc=0x0000000002ead8d0 sp=0x000000001765e3b0
Event: 6.250 Thread 0x0000000016d47000 DEOPT UNPACKING pc=0x0000000002b9787f sp=0x000000001765e148 mode 0
Event: 6.274 Thread 0x0000000016d47000 DEOPT PACKING pc=0x0000000002e21f57 sp=0x000000001765e4b0
Event: 6.274 Thread 0x0000000016d47000 DEOPT UNPACKING pc=0x0000000002b9787f sp=0x000000001765e290 mode 0


Dynamic libraries:
0x00007ff7e77b0000 - 0x00007ff7e77e7000 	C:\Program Files\Java\jdk1.8.0_60\bin\java.exe
0x00007ffea7e10000 - 0x00007ffea7fd1000 	C:\WINDOWS\SYSTEM32\ntdll.dll
0x00007ffea5a00000 - 0x00007ffea5aad000 	C:\WINDOWS\system32\KERNEL32.DLL
0x00007ffea5240000 - 0x00007ffea541d000 	C:\WINDOWS\system32\KERNELBASE.dll
0x00007ffea57a0000 - 0x00007ffea5846000 	C:\WINDOWS\system32\ADVAPI32.dll
0x00007ffea6fe0000 - 0x00007ffea707d000 	C:\WINDOWS\system32\msvcrt.dll
0x00007ffea7360000 - 0x00007ffea73bb000 	C:\WINDOWS\system32\sechost.dll
0x00007ffea7150000 - 0x00007ffea7276000 	C:\WINDOWS\system32\RPCRT4.dll
0x00007ffea7960000 - 0x00007ffea7aae000 	C:\WINDOWS\system32\USER32.dll
0x00007ffea7c10000 - 0x00007ffea7d96000 	C:\WINDOWS\system32\GDI32.dll
0x00007ffe94990000 - 0x00007ffe94c04000 	C:\WINDOWS\WinSxS\amd64_microsoft.windows.common-controls_6595b64144ccf1df_6.0.10240.16384_none_f41f7b285750ef43\COMCTL32.dll
0x00007ffea5750000 - 0x00007ffea5786000 	C:\WINDOWS\system32\IMM32.DLL
0x00007ffea55f0000 - 0x00007ffea574c000 	C:\WINDOWS\system32\MSCTF.dll
0x00000000639b0000 - 0x0000000063a82000 	C:\Program Files\Java\jdk1.8.0_60\jre\bin\msvcr100.dll
0x0000000063de0000 - 0x0000000064669000 	C:\Program Files\Java\jdk1.8.0_60\jre\bin\server\jvm.dll
0x00007ffea7da0000 - 0x00007ffea7da8000 	C:\WINDOWS\system32\PSAPI.DLL
0x00007ffe99cc0000 - 0x00007ffe99cc9000 	C:\WINDOWS\SYSTEM32\WSOCK32.dll
0x00007ffea7080000 - 0x00007ffea70e9000 	C:\WINDOWS\system32\WS2_32.dll
0x00007ffea7ab0000 - 0x00007ffea7ab8000 	C:\WINDOWS\system32\NSI.dll
0x00007ffea2bd0000 - 0x00007ffea2bf3000 	C:\WINDOWS\SYSTEM32\WINMM.dll
0x00007ffea1810000 - 0x00007ffea181a000 	C:\WINDOWS\SYSTEM32\VERSION.dll
0x00007ffea29c0000 - 0x00007ffea29ec000 	C:\WINDOWS\SYSTEM32\WINMMBASE.dll
0x00007ffea4fc0000 - 0x00007ffea5004000 	C:\WINDOWS\system32\cfgmgr32.dll
0x00007ffea3110000 - 0x00007ffea3137000 	C:\WINDOWS\SYSTEM32\DEVOBJ.dll
0x0000000065370000 - 0x000000006537f000 	C:\Program Files\Java\jdk1.8.0_60\jre\bin\verify.dll
0x0000000065340000 - 0x0000000065369000 	C:\Program Files\Java\jdk1.8.0_60\jre\bin\java.dll
0x0000000063dc0000 - 0x0000000063dd6000 	C:\Program Files\Java\jdk1.8.0_60\jre\bin\zip.dll
0x00007ffea5ab0000 - 0x00007ffea6fd2000 	C:\WINDOWS\system32\SHELL32.dll
0x00007ffea4990000 - 0x00007ffea4fb8000 	C:\WINDOWS\system32\windows.storage.dll
0x00007ffea7430000 - 0x00007ffea76ac000 	C:\WINDOWS\system32\combase.dll
0x00007ffea54e0000 - 0x00007ffea5531000 	C:\WINDOWS\system32\shlwapi.dll
0x00007ffea4890000 - 0x00007ffea489f000 	C:\WINDOWS\system32\kernel.appcore.dll
0x00007ffea5420000 - 0x00007ffea54d3000 	C:\WINDOWS\system32\shcore.dll
0x00007ffea4840000 - 0x00007ffea488a000 	C:\WINDOWS\system32\powrprof.dll
0x00007ffea48c0000 - 0x00007ffea48d3000 	C:\WINDOWS\system32\profapi.dll

VM Arguments:
jvm_args: -Djava.awt.headless=true -Xmx1024M -Dfile.encoding=windows-1250 -Duser.country=GB -Duser.language=en -Duser.variant 
java_command: com.android.dx.command.Main --dex --num-threads=4 --output C:\Users\Patryk\AndroidStudioProjects\Stormy\app\build\intermediates\pre-dexed\debug\com.android.support-recyclerview-v7-23.1.1_2d2c0b44d6422888f5bd29c3ceeae738d0cec982.jar C:\Users\Patryk\AndroidStudioProjects\Stormy\app\build\intermediates\exploded-aar\com.android.support\recyclerview-v7\23.1.1\jars\classes.jar
java_class_path (initial): C:\Users\Patryk\AppData\Local\Android\Sdk\build-tools\23.0.2\lib\dx.jar
Launcher Type: SUN_STANDARD

Environment Variables:
PATH=C:\MinGW\bin;C:\Program Files (x86)\GnuWin32\bin;C:\Program Files (x86)\NVIDIA Corporation\PhysX\Common;C:\ProgramData\Oracle\Java\javapath;C:\Windows\system32;C:\Windows;C:\Windows\System32\Wbem;C:\Windows\System32\WindowsPowerShell\v1.0\;C:\Program Files\Microsoft SQL Server\110\Tools\Binn\;C:\Program Files (x86)\Git\cmd;C:\Program Files (x86)\MiKTeX 2.9\miktex\bin\;C:\Program Files (x86)\Windows Live\Shared;C:\Program Files\Microsoft SQL Server\120\Tools\Binn\;C:\WINDOWS\system32;C:\WINDOWS;C:\WINDOWS\System32\Wbem;C:\WINDOWS\System32\WindowsPowerShell\v1.0\;C:\Program Files (x86)\ATI Technologies\ATI.ACE\Core-Static;C:\MinGW\bin;E:\Programy\runtime\win64;E:\Programy\bin;E:\Programy\polyspace\bin;C:\Program Files (x86)\Brackets\command;C:\Program Files (x86)\Skype\Phone\;C:\Program Files (x86)\QuickTime\QTSystem\;C:\Program Files\nodejs\;C:\MinGW\bin;C:\Program Files (x86)\GnuWin32\bin;C:\Users\Patryk\.dnx\bin;C:\Users\Patryk\Desktop\cmder\bin;C:\Program Files (x86)\Git\bin;C:\Program Files (x86)\Git\share\vim\vim74;C:\Users\Patryk\Desktop\cmder\vendor\conemu-maximus5;C:\Users\Patryk\Desktop\cmder\vendor\conemu-maximus5\ConEmu;C:\Program Files (x86)\NVIDIA Corporation\PhysX\Common;C:\ProgramData\Oracle\Java\javapath;C:\Windows\system32;C:\Windows;C:\Windows\System32\Wbem;C:\Windows\System32\WindowsPowerShell\v1.0\;C:\Program Files (x86)\ATI Technologies\ATI.ACE\Core-Static;C:\Program Files\Microsoft SQL Server\110\Tools\Binn\;C:\Program Files (x86)\Git\cmd;C:\Program Files (x86)\MiKTeX 2.9\miktex\bin\;C:\Program Files\nodejs\;C:\Program Files (x86)\Brackets\command;C:\Program Files (x86)\Windows Live\Shared;C:\Ruby22-x64\bin;C:\Users\Patryk\AppData\Local\atom\bin;C:\Users\Patryk\Desktop\cmder;C:\Python34\Scripts;C:\Program Files (x86)\Microsoft VS Code\bin;C:\Program Files\MongoDB\Server\3.2\bin;C:\Users\Patryk\AppData\Roaming\npm
USERNAME=Patryk
OS=Windows_NT
PROCESSOR_IDENTIFIER=Intel64 Family 6 Model 42 Stepping 7, GenuineIntel



---------------  S Y S T E M  ---------------

OS: Windows 10.0 , 64 bit Build 10240 (10.0.10240.16384)

CPU:total 4 (4 cores per cpu, 1 threads per core) family 6 model 42 stepping 7, cmov, cx8, fxsr, mmx, sse, sse2, sse3, ssse3, sse4.1, sse4.2, popcnt, avx, aes, clmul, tsc, tscinvbit

Memory: 4k page, physical 8303732k(1522916k free), swap 10186276k(4548k free)

vm_info: Java HotSpot(TM) 64-Bit Server VM (25.60-b23) for windows-amd64 JRE (1.8.0_60-b27), built on Aug  4 2015 11:06:27 by "java_re" with MS VC++ 10.0 (VS2010)

time: Tue Jan 19 15:15:33 2016
elapsed time: 6 seconds (0d 0h 0m 6s)

